#
# A fatal error has been detected by the Java Runtime Environment:
#
#  EXCEPTION_ACCESS_VIOLATION (0xc0000005) at pc=0x00007fffd130da03, pid=4420, tid=12476
#
# JRE version: OpenJDK Runtime Environment Temurin-17.0.9+9 (17.0.9+9) (build 17.0.9+9)
# Java VM: OpenJDK 64-Bit Server VM Temurin-17.0.9+9 (17.0.9+9, mixed mode, tiered, compressed oops, compressed class ptrs, parallel gc, windows-amd64)
# Problematic frame:
# V  [jvm.dll+0x6ada03]
#
# No core dump will be written. Minidumps are not enabled by default on client versions of Windows
#
# If you would like to submit a bug report, please visit:
#   https://github.com/adoptium/adoptium-support/issues
#

---------------  S U M M A R Y ------------

Command Line: --add-modules=ALL-SYSTEM --add-opens=java.base/java.util=ALL-UNNAMED --add-opens=java.base/java.lang=ALL-UNNAMED --add-opens=java.base/sun.nio.fs=ALL-UNNAMED -Declipse.application=org.eclipse.jdt.ls.core.id1 -Dosgi.bundles.defaultStartLevel=4 -Declipse.product=org.eclipse.jdt.ls.core.product -Djava.import.generatesMetadataFilesAtProjectRoot=false -DDetectVMInstallationsJob.disabled=true -Dfile.encoding=utf8 -XX:+UseParallelGC -XX:GCTimeRatio=4 -XX:AdaptiveSizePolicyWeight=90 -Dsun.zip.disableMemoryMapping=true -Xmx1G -Xms100m -Xlog:disable -javaagent:c:\Users\Soften Sistemas\.vscode\extensions\redhat.java-1.25.1-win32-x64\lombok\lombok-1.18.30.jar -XX:+HeapDumpOnOutOfMemoryError -XX:HeapDumpPath=c:\Users\Soften Sistemas\AppData\Roaming\Code\User\workspaceStorage\566447808541c3bea76efec85606d35c\redhat.java -Daether.dependencyCollector.impl=bf c:\Users\Soften Sistemas\.vscode\extensions\redhat.java-1.25.1-win32-x64\server\plugins\org.eclipse.equinox.launcher_1.6.600.v20231106-1826.jar -configuration c:\Users\Soften Sistemas\AppData\Roaming\Code\User\globalStorage\redhat.java\1.25.1\config_win -data c:\Users\Soften Sistemas\AppData\Roaming\Code\User\workspaceStorage\566447808541c3bea76efec85606d35c\redhat.java\jdt_ws --stdio

Host: Intel(R) Core(TM) i3-3217U CPU @ 1.80GHz, 4 cores, 7G,  Windows 10 , 64 bit Build 19041 (10.0.19041.3636)
Time: Fri Dec 29 13:53:16 2023 Hora oficial do Brasil elapsed time: 83.332668 seconds (0d 0h 1m 23s)

---------------  T H R E A D  ---------------

Current thread (0x000001fa2a8cbd20):  GCTaskThread "GC Thread#2" [stack: 0x000000bf3d300000,0x000000bf3d400000] [id=12476]

Stack: [0x000000bf3d300000,0x000000bf3d400000],  sp=0x000000bf3d3ffb20,  free space=1022k
Native frames: (J=compiled Java code, j=interpreted, Vv=VM code, C=native code)
V  [jvm.dll+0x6ada03]
V  [jvm.dll+0x6bdff3]
V  [jvm.dll+0x861e7b]
V  [jvm.dll+0x861ec6]
V  [jvm.dll+0x7e3c3a]
V  [jvm.dll+0x67be35]
C  [ucrtbase.dll+0x21bb2]
C  [KERNEL32.DLL+0x17344]
C  [ntdll.dll+0x526b1]


siginfo: EXCEPTION_ACCESS_VIOLATION (0xc0000005), reading address 0x0000000001780368


Registers:
RAX=0x0000000001780360, RBX=0x000001fa24adaf00, RCX=0x0000000000000003, RDX=0x00000000002f006c
RSP=0x000000bf3d3ffb20, RBP=0x000000000000000c, RSI=0x00007fffd1610e70, RDI=0x00000000cfdeb800
R8 =0xfffffffffffffff8, R9 =0x0000000000000004, R10=0x0000000000000001, R11=0x000001fa106cef57
R12=0x00000000cfdf0068, R13=0x000001fa106cef57, R14=0x0000000000000000, R15=0x00000000cfdeb200
RIP=0x00007fffd130da03, EFLAGS=0x0000000000010206


Register to memory mapping:

RIP=0x00007fffd130da03 jvm.dll
RAX=0x0000000001780360 is an unknown value
RBX=0x000001fa24adaf00 points into unknown readable memory: 0x00007fffd1611c78 | 78 1c 61 d1 ff 7f 00 00
RCX=0x0000000000000003 is an unknown value
RDX=0x00000000002f006c is an unknown value
RSP=0x000000bf3d3ffb20 points into unknown readable memory: 0x000001fa24adaf00 | 00 af ad 24 fa 01 00 00
RBP=0x000000000000000c is an unknown value
RSI=0x00007fffd1610e70 jvm.dll
RDI=0x00000000cfdeb800 is pointing into object: [C 
{0x00000000cfdeb7f8} - klass: {type array char}
 - length: 71
R8 =0xfffffffffffffff8 is an unknown value
R9 =0x0000000000000004 is an unknown value
R10=0x0000000000000001 is an unknown value
R11=0x000001fa106cef57 points into unknown readable memory: 03
R12=0x00000000cfdf0068 is an oop: [C 
{0x00000000cfdf0068} - klass: {type array char}
 - length: 5
R13=0x000001fa106cef57 points into unknown readable memory: 03
R14=0x0 is NULL
R15=
[error occurred during error reporting (printing register info), id 0xc0000005, EXCEPTION_ACCESS_VIOLATION (0xc0000005) at pc=0x00007fffd12e9576]

Top of Stack: (sp=0x000000bf3d3ffb20)
0x000000bf3d3ffb20:   000001fa24adaf00 00000000cfdeb800
0x000000bf3d3ffb30:   000000000000000c 00007fffd1610e70
0x000000bf3d3ffb40:   000001fa106cef5c 00000000cfdf0068
0x000000bf3d3ffb50:   000001fa106cef00 000001fa106cee00
0x000000bf3d3ffb60:   000001fa106d0c54 00007fffd1610e70
0x000000bf3d3ffb70:   000001fa10cb9830 000001fa24adaf00
0x000000bf3d3ffb80:   0000000000000200 0000000000000100
0x000000bf3d3ffb90:   000001fa2a52b5a0 0000000000000002
0x000000bf3d3ffba0:   0000000000000000 000000bf3c5feef0
0x000000bf3d3ffbb0:   000001fa2a8cbd20 000001fa24adaf00
0x000000bf3d3ffbc0:   0000000000000000 000001fa2a52b5a0
0x000000bf3d3ffbd0:   000000bf3d3ffc79 00007fffd131dff3
0x000000bf3d3ffbe0:   000001fa0ebf8970 000001fa10cc46e0
0x000000bf3d3ffbf0:   000001fa106cef81 00000000d018a710
0x000000bf3d3ffc00:   000001fa24adaf00 0000000000000002
0x000000bf3d3ffc10:   0000000000000004 000000bf3c5fea58
0x000000bf3d3ffc20:   000000023c5fe848 000001fa2a52b5a0
0x000000bf3d3ffc30:   00007fffd1611dc8 00007ff802f330ce
0x000000bf3d3ffc40:   000000bf3c5feef0 000001fa29d16d60
0x000000bf3d3ffc50:   00000000000003d8 000001fa29d16d70
0x000000bf3d3ffc60:   000001fa29d17148 00000000316fdae3
0x000000bf3d3ffc70:   0000000000000048 0000000000000001
0x000000bf3d3ffc80:   0000000000000000 0000000000000000
0x000000bf3d3ffc90:   0000000000000000 000063bc373c4fcb
0x000000bf3d3ffca0:   0000000000000000 000001fa2a8cbd20
0x000000bf3d3ffcb0:   0000000000000000 0000000000000000
0x000000bf3d3ffcc0:   000000bf3c5feef0 000001fa2a8cbd20
0x000000bf3d3ffcd0:   0000000000000000 00007fffd14c1e7b
0x000000bf3d3ffce0:   0000000000000003 0000000000000000
0x000000bf3d3ffcf0:   0000000000000003 000000bf3c5feef0
0x000000bf3d3ffd00:   00000000000075a3 00007fffd14c1ec6
0x000000bf3d3ffd10:   000001fa2a8cbd20 000000bfffffffff 

Instructions: (pc=0x00007fffd130da03)
0x00007fffd130d903:   b6 15 db 59 4d 00 44 8b c8 49 63 c1 48 8b ce 48
0x00007fffd130d913:   8d 1c c3 49 3b dc 0f 86 52 ff ff ff 48 8b 84 24
0x00007fffd130d923:   c0 00 00 00 49 3b ff 4c 8b 64 24 28 4c 0f 43 ff
0x00007fffd130d933:   48 8b f9 48 c1 e7 09 49 8b df 48 8b 40 40 48 c1
0x00007fffd130d943:   e0 09 48 2b f8 49 3b fc 76 05 49 8b fc eb 11 48
0x00007fffd130d953:   3b bc 24 d8 00 00 00 48 0f 47 bc 24 d8 00 00 00
0x00007fffd130d963:   4c 8b 4c 24 30 48 8b 84 24 d0 00 00 00 49 ff c1
0x00007fffd130d973:   4d 3b e9 48 89 4c 24 20 4d 0f 47 cd 48 ff c8 48
0x00007fffd130d983:   3b c8 48 0f 42 c1 45 33 f6 4c 8b c0 4d 2b c1 4c
0x00007fffd130d993:   3b c8 4d 0f 47 c6 4d 85 c0 74 17 48 89 4c 24 20
0x00007fffd130d9a3:   b2 ff 49 8b c9 e8 25 36 1e 00 44 0f b6 15 2f 59
0x00007fffd130d9b3:   4d 00 44 39 35 7c ae 46 00 0f 84 4a 01 00 00 48
0x00007fffd130d9c3:   3b df 0f 83 99 02 00 00 48 8b 9c 24 e0 00 00 00
0x00007fffd130d9d3:   48 8d 35 96 34 30 00 bd 0c 00 00 00 90 45 84 d2
0x00007fffd130d9e3:   74 18 41 8b 57 08 8b 0d 09 99 46 00 8b c2 48 d3
0x00007fffd130d9f3:   e0 48 03 05 f5 98 46 00 eb 06 49 8b 47 08 8b d0
0x00007fffd130da03:   81 78 08 00 00 00 c0 73 53 48 8b 05 3d f8 4e 00
0x00007fffd130da13:   48 89 44 24 50 48 89 74 24 48 48 89 5c 24 58 45
0x00007fffd130da23:   84 d2 74 15 8b 0d cb 98 46 00 44 8b c2 49 d3 e0
0x00007fffd130da33:   4c 03 05 b6 98 46 00 eb 04 4d 8b 47 08 49 63 40
0x00007fffd130da43:   0c 48 8d 4c 24 48 49 8b d7 4c 8d 0d dd ec 47 00
0x00007fffd130da53:   41 ff 14 c1 44 0f b6 15 85 58 4d 00 45 84 d2 74
0x00007fffd130da63:   16 45 8b 47 08 8b 0d 8a 98 46 00 49 d3 e0 4c 03
0x00007fffd130da73:   05 78 98 46 00 eb 04 4d 8b 47 08 45 8b 48 08 45
0x00007fffd130da83:   85 c9 7e 0c 41 f6 c1 01 75 50 41 c1 f9 03 eb 64
0x00007fffd130da93:   79 48 8b 05 99 a7 46 00 45 84 d2 b9 10 00 00 00
0x00007fffd130daa3:   48 0f 45 cd ff c8 4c 63 c0 41 8b c1 48 c1 f8 10
0x00007fffd130dab3:   4a 63 14 39 41 8b c9 83 e1 3f 48 d3 e2 0f b6 c8
0x00007fffd130dac3:   49 8d 04 10 49 f7 d0 48 03 c8 4d 8b c8 49 c1 e9
0x00007fffd130dad3:   03 48 c1 e9 03 44 23 c9 eb 1a 49 8b 00 49 8b d7
0x00007fffd130dae3:   49 8b c8 ff 90 00 01 00 00 44 0f b6 15 f0 57 4d
0x00007fffd130daf3:   00 44 8b c8 49 63 c1 4d 8d 3c c7 4c 3b ff 0f 82 


Stack slot to memory mapping:
stack at sp + 0 slots: 0x000001fa24adaf00 points into unknown readable memory: 0x00007fffd1611c78 | 78 1c 61 d1 ff 7f 00 00
stack at sp + 1 slots: 0x00000000cfdeb800 is pointing into object: [C 
{0x00000000cfdeb7f8} - klass: {type array char}
 - length: 71
stack at sp + 2 slots: 0x000000000000000c is an unknown value
stack at sp + 3 slots: 0x00007fffd1610e70 jvm.dll
stack at sp + 4 slots: 0x000001fa106cef5c points into unknown readable memory: ff 03 03 03
stack at sp + 5 slots: 0x00000000cfdf0068 is an oop: [C 
{0x00000000cfdf0068} - klass: {type array char}
 - length: 5
stack at sp + 6 slots: 0x000001fa106cef00 points into unknown readable memory: 0xffffffffffffffff | ff ff ff ff ff ff ff ff
stack at sp + 7 slots: 0x000001fa106cee00 points into unknown readable memory: 0xffffffffffffff03 | 03 ff ff ff ff ff ff ff


---------------  P R O C E S S  ---------------

Threads class SMR info:
_java_thread_list=0x000001fa2cabcf10, length=36, elements={
0x000001fa10cace10, 0x000001fa10d6dc10, 0x000001fa24aee7b0, 0x000001fa24b15270,
0x000001fa24b15ef0, 0x000001fa24b16b70, 0x000001fa24b18540, 0x000001fa24b1a200,
0x000001fa24b4e910, 0x000001fa29d05100, 0x000001fa10d116d0, 0x000001fa29f947b0,
0x000001fa2a6199d0, 0x000001fa2ab621f0, 0x000001fa2a891d80, 0x000001fa29dbd6a0,
0x000001fa2abc1780, 0x000001fa2ac0dbf0, 0x000001fa2ac0eb20, 0x000001fa2ac0e100,
0x000001fa2ac0fa50, 0x000001fa2ac10e90, 0x000001fa2ac0ff60, 0x000001fa2ac0f030,
0x000001fa2ac10980, 0x000001fa2b796990, 0x000001fa2b7973b0, 0x000001fa2b79d3e0,
0x000001fa2b79de00, 0x000001fa2b796ea0, 0x000001fa2b7978c0, 0x000001fa2b79ba90,
0x000001fa29eec050, 0x000001fa2b79b580, 0x000001fa2b79bfa0, 0x000001fa2b79c4b0
}

Java Threads: ( => current thread )
  0x000001fa10cace10 JavaThread "main" [_thread_blocked, id=1812, stack(0x000000bf3c300000,0x000000bf3c400000)]
  0x000001fa10d6dc10 JavaThread "Reference Handler" daemon [_thread_blocked, id=5800, stack(0x000000bf3c600000,0x000000bf3c700000)]
  0x000001fa24aee7b0 JavaThread "Finalizer" daemon [_thread_blocked, id=8480, stack(0x000000bf3c700000,0x000000bf3c800000)]
  0x000001fa24b15270 JavaThread "Signal Dispatcher" daemon [_thread_blocked, id=11948, stack(0x000000bf3c800000,0x000000bf3c900000)]
  0x000001fa24b15ef0 JavaThread "Attach Listener" daemon [_thread_blocked, id=9780, stack(0x000000bf3c900000,0x000000bf3ca00000)]
  0x000001fa24b16b70 JavaThread "Service Thread" daemon [_thread_blocked, id=6992, stack(0x000000bf3ca00000,0x000000bf3cb00000)]
  0x000001fa24b18540 JavaThread "Monitor Deflation Thread" daemon [_thread_blocked, id=9540, stack(0x000000bf3cb00000,0x000000bf3cc00000)]
  0x000001fa24b1a200 JavaThread "C2 CompilerThread0" daemon [_thread_in_native, id=2416, stack(0x000000bf3cc00000,0x000000bf3cd00000)]
  0x000001fa24b4e910 JavaThread "C1 CompilerThread0" daemon [_thread_blocked, id=10280, stack(0x000000bf3cd00000,0x000000bf3ce00000)]
  0x000001fa29d05100 JavaThread "Sweeper thread" daemon [_thread_blocked, id=10008, stack(0x000000bf3ce00000,0x000000bf3cf00000)]
  0x000001fa10d116d0 JavaThread "Common-Cleaner" daemon [_thread_blocked, id=8724, stack(0x000000bf3cf00000,0x000000bf3d000000)]
  0x000001fa29f947b0 JavaThread "Notification Thread" daemon [_thread_blocked, id=5668, stack(0x000000bf3d000000,0x000000bf3d100000)]
  0x000001fa2a6199d0 JavaThread "Active Thread: Equinox Container: 7f0f1a4e-71bc-4691-a575-37372c5104f6" [_thread_blocked, id=12096, stack(0x000000bf3d500000,0x000000bf3d600000)]
  0x000001fa2ab621f0 JavaThread "Framework Event Dispatcher: Equinox Container: 7f0f1a4e-71bc-4691-a575-37372c5104f6" daemon [_thread_blocked, id=5772, stack(0x000000bf3d600000,0x000000bf3d700000)]
  0x000001fa2a891d80 JavaThread "Start Level: Equinox Container: 7f0f1a4e-71bc-4691-a575-37372c5104f6" daemon [_thread_blocked, id=6768, stack(0x000000bf3d700000,0x000000bf3d800000)]
  0x000001fa29dbd6a0 JavaThread "Bundle File Closer" daemon [_thread_blocked, id=8320, stack(0x000000bf3d800000,0x000000bf3d900000)]
  0x000001fa2abc1780 JavaThread "SCR Component Actor" daemon [_thread_blocked, id=7288, stack(0x000000bf3d900000,0x000000bf3da00000)]
  0x000001fa2ac0dbf0 JavaThread "Worker-JM" [_thread_blocked, id=6888, stack(0x000000bf3db00000,0x000000bf3dc00000)]
  0x000001fa2ac0eb20 JavaThread "Worker-0" [_thread_blocked, id=6692, stack(0x000000bf3dc00000,0x000000bf3dd00000)]
  0x000001fa2ac0e100 JavaThread "Worker-1" [_thread_blocked, id=11816, stack(0x000000bf3dd00000,0x000000bf3de00000)]
  0x000001fa2ac0fa50 JavaThread "Worker-2" [_thread_blocked, id=9908, stack(0x000000bf3df00000,0x000000bf3e000000)]
  0x000001fa2ac10e90 JavaThread "Worker-3" [_thread_blocked, id=13708, stack(0x000000bf3e000000,0x000000bf3e100000)]
  0x000001fa2ac0ff60 JavaThread "Java indexing" daemon [_thread_blocked, id=13016, stack(0x000000bf3e100000,0x000000bf3e200000)]
  0x000001fa2ac0f030 JavaThread "JNA Cleaner" daemon [_thread_blocked, id=2260, stack(0x000000bf3e200000,0x000000bf3e300000)]
  0x000001fa2ac10980 JavaThread "pool-2-thread-1" [_thread_blocked, id=14080, stack(0x000000bf3da00000,0x000000bf3db00000)]
  0x000001fa2b796990 JavaThread "WorkspaceEventsHandler" [_thread_blocked, id=5372, stack(0x000000bf3de00000,0x000000bf3df00000)]
  0x000001fa2b7973b0 JavaThread "pool-1-thread-1" [_thread_blocked, id=4452, stack(0x000000bf3e500000,0x000000bf3e600000)]
  0x000001fa2b79d3e0 JavaThread "Worker-4" [_thread_blocked, id=9740, stack(0x000000bf3e900000,0x000000bf3ea00000)]
  0x000001fa2b79de00 JavaThread "Worker-5" [_thread_blocked, id=12416, stack(0x000000bf3ea00000,0x000000bf3eb00000)]
  0x000001fa2b796ea0 JavaThread "ForkJoinPool.commonPool-worker-1" daemon [_thread_blocked, id=1904, stack(0x000000bf3eb00000,0x000000bf3ec00000)]
  0x000001fa2b7978c0 JavaThread "ForkJoinPool.commonPool-worker-2" daemon [_thread_blocked, id=9400, stack(0x000000bf3ec00000,0x000000bf3ed00000)]
  0x000001fa2b79ba90 JavaThread "ForkJoinPool.commonPool-worker-3" daemon [_thread_blocked, id=12136, stack(0x000000bf3ed00000,0x000000bf3ee00000)]
  0x000001fa29eec050 JavaThread "C2 CompilerThread1" daemon [_thread_blocked, id=14272, stack(0x000000bf3e600000,0x000000bf3e700000)]
  0x000001fa2b79b580 JavaThread "pool-3-thread-1" [_thread_blocked, id=7708, stack(0x000000bf3e800000,0x000000bf3e900000)]
  0x000001fa2b79bfa0 JavaThread "Framework stop - Equinox Container: 7f0f1a4e-71bc-4691-a575-37372c5104f6" [_thread_blocked, id=7112, stack(0x000000bf3ee00000,0x000000bf3ef00000)]
  0x000001fa2b79c4b0 JavaThread "SCR Component Registry" daemon [_thread_blocked, id=6720, stack(0x000000bf3ef00000,0x000000bf3f000000)]

Other Threads:
  0x000001fa10d68f80 VMThread "VM Thread" [stack: 0x000000bf3c500000,0x000000bf3c600000] [id=6240]
  0x000001fa29fe2af0 WatcherThread [stack: 0x000000bf3d100000,0x000000bf3d200000] [id=5552]
  0x000001fa10cc30a0 GCTaskThread "GC Thread#0" [stack: 0x000000bf3c400000,0x000000bf3c500000] [id=11556]
  0x000001fa2a145760 GCTaskThread "GC Thread#1" [stack: 0x000000bf3d200000,0x000000bf3d300000] [id=13612]
=>0x000001fa2a8cbd20 GCTaskThread "GC Thread#2" [stack: 0x000000bf3d300000,0x000000bf3d400000] [id=12476]
  0x000001fa2a8cbfe0 GCTaskThread "GC Thread#3" [stack: 0x000000bf3d400000,0x000000bf3d500000] [id=8628]

Threads with active compile tasks:
C2 CompilerThread0    83539 8899       4       org.lombokweb.asm.SymbolTable::<init> (536 bytes)
C2 CompilerThread1    83539 8892       4       java.lang.reflect.AccessibleObject::checkAccess (40 bytes)

VM state: at safepoint (normal execution)

VM Mutex/Monitor currently owned by a thread:  ([mutex/lock_event])
[0x000001fa10ca8c60] Threads_lock - owner thread: 0x000001fa10d68f80
[0x000001fa10ca86c0] Heap_lock - owner thread: 0x000001fa2b79bfa0

Heap address: 0x00000000c0000000, size: 1024 MB, Compressed Oops mode: 32-bit

CDS archive(s) not mapped
Compressed class space mapped at: 0x0000000100000000-0x0000000140000000, reserved size: 1073741824
Narrow klass base: 0x0000000000000000, Narrow klass shift: 3, Narrow klass range: 0x140000000

GC Precious Log:
 CPUs: 4 total, 4 available
 Memory: 8086M
 Large Page Support: Disabled
 NUMA Support: Disabled
 Compressed Oops: Enabled (32-bit)
 Alignments: Space 512K, Generation 512K, Heap 2M
 Heap Min Capacity: 100M
 Heap Initial Capacity: 100M
 Heap Max Capacity: 1G
 Pre-touch: Disabled
 Parallel Workers: 4

Heap:
 PSYoungGen      total 25600K, used 25574K [0x00000000eab00000, 0x00000000ed180000, 0x0000000100000000)
  eden space 22016K, 100% used [0x00000000eab00000,0x00000000ec080000,0x00000000ec080000)
  from space 3584K, 99% used [0x00000000ec080000,0x00000000ec3f99d8,0x00000000ec400000)
  to   space 8704K, 65% used [0x00000000ec900000,0x00000000ece8cc68,0x00000000ed180000)
 ParOldGen       total 322560K, used 265171K [0x00000000c0000000, 0x00000000d3b00000, 0x00000000eab00000)
  object space 322560K, 82% used [0x00000000c0000000,0x00000000d02f4ce8,0x00000000d3b00000)
 Metaspace       used 72444K, committed 73664K, reserved 1114112K
  class space    used 7777K, committed 8320K, reserved 1048576K

Card table byte_map: [0x000001fa10650000,0x000001fa10860000] _byte_map_base: 0x000001fa10050000

Marking Bits: (ParMarkBitMap*) 0x00007fffd17fd0b0
 Begin Bits: [0x000001fa22950000, 0x000001fa23950000)
 End Bits:   [0x000001fa23950000, 0x000001fa24950000)

Polling page: 0x000001fa0ec60000

Metaspace:

Usage:
  Non-class:     63.15 MB used.
      Class:      7.60 MB used.
       Both:     70.75 MB used.

Virtual space:
  Non-class space:       64.00 MB reserved,      63.81 MB (>99%) committed,  1 nodes.
      Class space:        1.00 GB reserved,       8.12 MB ( <1%) committed,  1 nodes.
             Both:        1.06 GB reserved,      71.94 MB (  7%) committed. 

Chunk freelists:
   Non-Class:  128.00 KB
       Class:  7.72 MB
        Both:  7.84 MB

MaxMetaspaceSize: unlimited
CompressedClassSpaceSize: 1.00 GB
Initial GC threshold: 21.00 MB
Current GC threshold: 117.50 MB
CDS: off
MetaspaceReclaimPolicy: balanced
 - commit_granule_bytes: 65536.
 - commit_granule_words: 8192.
 - virtual_space_node_default_size: 8388608.
 - enlarge_chunks_in_place: 1.
 - new_chunks_are_fully_committed: 0.
 - uncommit_free_chunks: 1.
 - use_allocation_guard: 0.
 - handle_deallocations: 1.


Internal statistics:

num_allocs_failed_limit: 9.
num_arena_births: 650.
num_arena_deaths: 16.
num_vsnodes_births: 2.
num_vsnodes_deaths: 0.
num_space_committed: 1151.
num_space_uncommitted: 0.
num_chunks_returned_to_freelist: 26.
num_chunks_taken_from_freelist: 3430.
num_chunk_merges: 13.
num_chunk_splits: 2142.
num_chunks_enlarged: 1292.
num_inconsistent_stats: 0.

CodeHeap 'non-profiled nmethods': size=120000Kb used=5287Kb max_used=5287Kb free=114712Kb
 bounds [0x000001fa1b420000, 0x000001fa1b950000, 0x000001fa22950000]
CodeHeap 'profiled nmethods': size=120000Kb used=16115Kb max_used=16618Kb free=103884Kb
 bounds [0x000001fa13950000, 0x000001fa14990000, 0x000001fa1ae80000]
CodeHeap 'non-nmethods': size=5760Kb used=1386Kb max_used=1462Kb free=4374Kb
 bounds [0x000001fa1ae80000, 0x000001fa1b0f0000, 0x000001fa1b420000]
 total_blobs=8233 nmethods=7498 adapters=649
 compilation: enabled
              stopped_count=0, restarted_count=0
 full_count=0

Compilation events (20 events):
Event: 83.274 Thread 0x000001fa24b4e910 8984       1       org.apache.felix.scr.impl.manager.RegistrationManager$RegStateWrapper::getRegState (5 bytes)
Event: 83.275 Thread 0x000001fa24b4e910 nmethod 8984 0x000001fa1b948190 code [0x000001fa1b948320, 0x000001fa1b9483f8]
Event: 83.276 Thread 0x000001fa24b4e910 8985       3       java.util.TaskQueue::getMin (7 bytes)
Event: 83.276 Thread 0x000001fa24b4e910 nmethod 8985 0x000001fa1456f610 code [0x000001fa1456f7a0, 0x000001fa1456f8d8]
Event: 83.277 Thread 0x000001fa24b4e910 8986       1       org.apache.felix.scr.impl.metadata.ComponentMetadata::getServiceMetadata (5 bytes)
Event: 83.277 Thread 0x000001fa24b4e910 nmethod 8986 0x000001fa1b948490 code [0x000001fa1b948620, 0x000001fa1b9486f8]
Event: 83.278 Thread 0x000001fa29eec050 nmethod 8909 0x000001fa1b948790 code [0x000001fa1b948920, 0x000001fa1b948c88]
Event: 83.278 Thread 0x000001fa29eec050 8908       4       java.util.regex.Pattern$GroupTail::match (111 bytes)
Event: 83.279 Thread 0x000001fa24b4e910 8987       1       org.apache.felix.scr.impl.manager.AbstractComponentManager::isFactory (2 bytes)
Event: 83.279 Thread 0x000001fa24b4e910 nmethod 8987 0x000001fa1b948f10 code [0x000001fa1b9490a0, 0x000001fa1b949178]
Event: 83.279 Thread 0x000001fa24b4e910 8988       3       org.apache.felix.scr.impl.manager.AbstractComponentManager::getComponentMetadata (10 bytes)
Event: 83.279 Thread 0x000001fa24b4e910 nmethod 8988 0x000001fa1456f190 code [0x000001fa1456f340, 0x000001fa1456f508]
Event: 83.282 Thread 0x000001fa29eec050 nmethod 8908 0x000001fa1b949510 code [0x000001fa1b9496a0, 0x000001fa1b949878]
Event: 83.282 Thread 0x000001fa29eec050 8890       4       java.lang.reflect.Field::setFieldAccessor (34 bytes)
Event: 83.284 Thread 0x000001fa29eec050 nmethod 8890 0x000001fa1b949a90 code [0x000001fa1b949c20, 0x000001fa1b949d28]
Event: 83.284 Thread 0x000001fa29eec050 8892       4       java.lang.reflect.AccessibleObject::checkAccess (40 bytes)
Event: 83.290 Thread 0x000001fa24b4e910 8990       2       org.eclipse.osgi.internal.serviceregistry.ServiceRegistry::notifyHooksPrivileged (58 bytes)
Event: 83.291 Thread 0x000001fa24b4e910 nmethod 8990 0x000001fa1456eb10 code [0x000001fa1456ed00, 0x000001fa1456efd8]
Event: 83.296 Thread 0x000001fa24b4e910 8991       3       ch.qos.logback.classic.Logger::getChildByName (68 bytes)
Event: 83.297 Thread 0x000001fa24b4e910 nmethod 8991 0x000001fa1456e110 code [0x000001fa1456e300, 0x000001fa1456e888]

GC Heap History (20 events):
Event: 79.646 GC heap after
{Heap after GC invocations=137 (full 9):
 PSYoungGen      total 19968K, used 3428K [0x00000000eab00000, 0x00000000ec400000, 0x0000000100000000)
  eden space 16384K, 0% used [0x00000000eab00000,0x00000000eab00000,0x00000000ebb00000)
  from space 3584K, 95% used [0x00000000ec080000,0x00000000ec3d9358,0x00000000ec400000)
  to   space 4608K, 0% used [0x00000000ebb00000,0x00000000ebb00000,0x00000000ebf80000)
 ParOldGen       total 260608K, used 239056K [0x00000000c0000000, 0x00000000cfe80000, 0x00000000eab00000)
  object space 260608K, 91% used [0x00000000c0000000,0x00000000ce9742a0,0x00000000cfe80000)
 Metaspace       used 69332K, committed 70464K, reserved 1114112K
  class space    used 7468K, committed 7936K, reserved 1048576K
}
Event: 79.767 GC heap before
{Heap before GC invocations=138 (full 9):
 PSYoungGen      total 19968K, used 19812K [0x00000000eab00000, 0x00000000ec400000, 0x0000000100000000)
  eden space 16384K, 100% used [0x00000000eab00000,0x00000000ebb00000,0x00000000ebb00000)
  from space 3584K, 95% used [0x00000000ec080000,0x00000000ec3d9358,0x00000000ec400000)
  to   space 4608K, 0% used [0x00000000ebb00000,0x00000000ebb00000,0x00000000ebf80000)
 ParOldGen       total 260608K, used 239056K [0x00000000c0000000, 0x00000000cfe80000, 0x00000000eab00000)
  object space 260608K, 91% used [0x00000000c0000000,0x00000000ce9742a0,0x00000000cfe80000)
 Metaspace       used 69332K, committed 70464K, reserved 1114112K
  class space    used 7468K, committed 7936K, reserved 1048576K
}
Event: 79.776 GC heap after
{Heap after GC invocations=138 (full 9):
 PSYoungGen      total 20992K, used 4600K [0x00000000eab00000, 0x00000000ecb80000, 0x0000000100000000)
  eden space 16384K, 0% used [0x00000000eab00000,0x00000000eab00000,0x00000000ebb00000)
  from space 4608K, 99% used [0x00000000ebb00000,0x00000000ebf7e140,0x00000000ebf80000)
  to   space 7680K, 0% used [0x00000000ec400000,0x00000000ec400000,0x00000000ecb80000)
 ParOldGen       total 260608K, used 241302K [0x00000000c0000000, 0x00000000cfe80000, 0x00000000eab00000)
  object space 260608K, 92% used [0x00000000c0000000,0x00000000ceba59e8,0x00000000cfe80000)
 Metaspace       used 69332K, committed 70464K, reserved 1114112K
  class space    used 7468K, committed 7936K, reserved 1048576K
}
Event: 80.025 GC heap before
{Heap before GC invocations=139 (full 9):
 PSYoungGen      total 20992K, used 20984K [0x00000000eab00000, 0x00000000ecb80000, 0x0000000100000000)
  eden space 16384K, 100% used [0x00000000eab00000,0x00000000ebb00000,0x00000000ebb00000)
  from space 4608K, 99% used [0x00000000ebb00000,0x00000000ebf7e140,0x00000000ebf80000)
  to   space 7680K, 0% used [0x00000000ec400000,0x00000000ec400000,0x00000000ecb80000)
 ParOldGen       total 260608K, used 241302K [0x00000000c0000000, 0x00000000cfe80000, 0x00000000eab00000)
  object space 260608K, 92% used [0x00000000c0000000,0x00000000ceba59e8,0x00000000cfe80000)
 Metaspace       used 69332K, committed 70464K, reserved 1114112K
  class space    used 7468K, committed 7936K, reserved 1048576K
}
Event: 80.038 GC heap after
{Heap after GC invocations=139 (full 9):
 PSYoungGen      total 20992K, used 3567K [0x00000000eab00000, 0x00000000ec780000, 0x0000000100000000)
  eden space 17408K, 0% used [0x00000000eab00000,0x00000000eab00000,0x00000000ebc00000)
  from space 3584K, 99% used [0x00000000ec400000,0x00000000ec77bef8,0x00000000ec780000)
  to   space 5120K, 0% used [0x00000000ebd80000,0x00000000ebd80000,0x00000000ec280000)
 ParOldGen       total 260608K, used 245980K [0x00000000c0000000, 0x00000000cfe80000, 0x00000000eab00000)
  object space 260608K, 94% used [0x00000000c0000000,0x00000000cf0371b8,0x00000000cfe80000)
 Metaspace       used 69332K, committed 70464K, reserved 1114112K
  class space    used 7468K, committed 7936K, reserved 1048576K
}
Event: 80.269 GC heap before
{Heap before GC invocations=140 (full 9):
 PSYoungGen      total 20992K, used 20975K [0x00000000eab00000, 0x00000000ec780000, 0x0000000100000000)
  eden space 17408K, 100% used [0x00000000eab00000,0x00000000ebc00000,0x00000000ebc00000)
  from space 3584K, 99% used [0x00000000ec400000,0x00000000ec77bef8,0x00000000ec780000)
  to   space 5120K, 0% used [0x00000000ebd80000,0x00000000ebd80000,0x00000000ec280000)
 ParOldGen       total 260608K, used 245980K [0x00000000c0000000, 0x00000000cfe80000, 0x00000000eab00000)
  object space 260608K, 94% used [0x00000000c0000000,0x00000000cf0371b8,0x00000000cfe80000)
 Metaspace       used 69617K, committed 70720K, reserved 1114112K
  class space    used 7493K, committed 7936K, reserved 1048576K
}
Event: 80.278 GC heap after
{Heap after GC invocations=140 (full 9):
 PSYoungGen      total 23552K, used 5098K [0x00000000eab00000, 0x00000000ecc00000, 0x0000000100000000)
  eden space 18432K, 0% used [0x00000000eab00000,0x00000000eab00000,0x00000000ebd00000)
  from space 5120K, 99% used [0x00000000ebd80000,0x00000000ec27a960,0x00000000ec280000)
  to   space 7680K, 0% used [0x00000000ec480000,0x00000000ec480000,0x00000000ecc00000)
 ParOldGen       total 260608K, used 247681K [0x00000000c0000000, 0x00000000cfe80000, 0x00000000eab00000)
  object space 260608K, 95% used [0x00000000c0000000,0x00000000cf1e0598,0x00000000cfe80000)
 Metaspace       used 69617K, committed 70720K, reserved 1114112K
  class space    used 7493K, committed 7936K, reserved 1048576K
}
Event: 80.583 GC heap before
{Heap before GC invocations=141 (full 9):
 PSYoungGen      total 23552K, used 23530K [0x00000000eab00000, 0x00000000ecc00000, 0x0000000100000000)
  eden space 18432K, 100% used [0x00000000eab00000,0x00000000ebd00000,0x00000000ebd00000)
  from space 5120K, 99% used [0x00000000ebd80000,0x00000000ec27a960,0x00000000ec280000)
  to   space 7680K, 0% used [0x00000000ec480000,0x00000000ec480000,0x00000000ecc00000)
 ParOldGen       total 260608K, used 247681K [0x00000000c0000000, 0x00000000cfe80000, 0x00000000eab00000)
  object space 260608K, 95% used [0x00000000c0000000,0x00000000cf1e0598,0x00000000cfe80000)
 Metaspace       used 69674K, committed 70848K, reserved 1114112K
  class space    used 7499K, committed 7936K, reserved 1048576K
}
Event: 80.595 GC heap after
{Heap after GC invocations=141 (full 9):
 PSYoungGen      total 23552K, used 3934K [0x00000000eab00000, 0x00000000ec880000, 0x0000000100000000)
  eden space 19456K, 0% used [0x00000000eab00000,0x00000000eab00000,0x00000000ebe00000)
  from space 4096K, 96% used [0x00000000ec480000,0x00000000ec857ba0,0x00000000ec880000)
  to   space 5120K, 0% used [0x00000000ebe80000,0x00000000ebe80000,0x00000000ec380000)
 ParOldGen       total 260608K, used 252769K [0x00000000c0000000, 0x00000000cfe80000, 0x00000000eab00000)
  object space 260608K, 96% used [0x00000000c0000000,0x00000000cf6d86e8,0x00000000cfe80000)
 Metaspace       used 69674K, committed 70848K, reserved 1114112K
  class space    used 7499K, committed 7936K, reserved 1048576K
}
Event: 80.766 GC heap before
{Heap before GC invocations=142 (full 9):
 PSYoungGen      total 23552K, used 23390K [0x00000000eab00000, 0x00000000ec880000, 0x0000000100000000)
  eden space 19456K, 100% used [0x00000000eab00000,0x00000000ebe00000,0x00000000ebe00000)
  from space 4096K, 96% used [0x00000000ec480000,0x00000000ec857ba0,0x00000000ec880000)
  to   space 5120K, 0% used [0x00000000ebe80000,0x00000000ebe80000,0x00000000ec380000)
 ParOldGen       total 260608K, used 252769K [0x00000000c0000000, 0x00000000cfe80000, 0x00000000eab00000)
  object space 260608K, 96% used [0x00000000c0000000,0x00000000cf6d86e8,0x00000000cfe80000)
 Metaspace       used 69741K, committed 70912K, reserved 1114112K
  class space    used 7507K, committed 7936K, reserved 1048576K
}
Event: 80.774 GC heap after
{Heap after GC invocations=142 (full 9):
 PSYoungGen      total 25088K, used 5106K [0x00000000eab00000, 0x00000000ed000000, 0x0000000100000000)
  eden space 19968K, 0% used [0x00000000eab00000,0x00000000eab00000,0x00000000ebe80000)
  from space 5120K, 99% used [0x00000000ebe80000,0x00000000ec37cbe0,0x00000000ec380000)
  to   space 8704K, 0% used [0x00000000ec780000,0x00000000ec780000,0x00000000ed000000)
 ParOldGen       total 260608K, used 255519K [0x00000000c0000000, 0x00000000cfe80000, 0x00000000eab00000)
  object space 260608K, 98% used [0x00000000c0000000,0x00000000cf987fe0,0x00000000cfe80000)
 Metaspace       used 69741K, committed 70912K, reserved 1114112K
  class space    used 7507K, committed 7936K, reserved 1048576K
}
Event: 81.682 GC heap before
{Heap before GC invocations=143 (full 9):
 PSYoungGen      total 25088K, used 25074K [0x00000000eab00000, 0x00000000ed000000, 0x0000000100000000)
  eden space 19968K, 100% used [0x00000000eab00000,0x00000000ebe80000,0x00000000ebe80000)
  from space 5120K, 99% used [0x00000000ebe80000,0x00000000ec37cbe0,0x00000000ec380000)
  to   space 8704K, 0% used [0x00000000ec780000,0x00000000ec780000,0x00000000ed000000)
 ParOldGen       total 260608K, used 255519K [0x00000000c0000000, 0x00000000cfe80000, 0x00000000eab00000)
  object space 260608K, 98% used [0x00000000c0000000,0x00000000cf987fe0,0x00000000cfe80000)
 Metaspace       used 70993K, committed 72192K, reserved 1114112K
  class space    used 7590K, committed 8064K, reserved 1048576K
}
Event: 81.697 GC heap after
{Heap after GC invocations=143 (full 9):
 PSYoungGen      total 23040K, used 1866K [0x00000000eab00000, 0x00000000ec980000, 0x0000000100000000)
  eden space 20992K, 0% used [0x00000000eab00000,0x00000000eab00000,0x00000000ebf80000)
  from space 2048K, 91% used [0x00000000ec780000,0x00000000ec9529f0,0x00000000ec980000)
  to   space 4096K, 0% used [0x00000000ec180000,0x00000000ec180000,0x00000000ec580000)
 ParOldGen       total 261120K, used 260642K [0x00000000c0000000, 0x00000000cff00000, 0x00000000eab00000)
  object space 261120K, 99% used [0x00000000c0000000,0x00000000cfe888e0,0x00000000cff00000)
 Metaspace       used 70993K, committed 72192K, reserved 1114112K
  class space    used 7590K, committed 8064K, reserved 1048576K
}
Event: 81.697 GC heap before
{Heap before GC invocations=144 (full 10):
 PSYoungGen      total 23040K, used 1866K [0x00000000eab00000, 0x00000000ec980000, 0x0000000100000000)
  eden space 20992K, 0% used [0x00000000eab00000,0x00000000eab00000,0x00000000ebf80000)
  from space 2048K, 91% used [0x00000000ec780000,0x00000000ec9529f0,0x00000000ec980000)
  to   space 4096K, 0% used [0x00000000ec180000,0x00000000ec180000,0x00000000ec580000)
 ParOldGen       total 261120K, used 260642K [0x00000000c0000000, 0x00000000cff00000, 0x00000000eab00000)
  object space 261120K, 99% used [0x00000000c0000000,0x00000000cfe888e0,0x00000000cff00000)
 Metaspace       used 70993K, committed 72192K, reserved 1114112K
  class space    used 7590K, committed 8064K, reserved 1048576K
}
Event: 82.301 GC heap after
{Heap after GC invocations=144 (full 10):
 PSYoungGen      total 22528K, used 0K [0x00000000eab00000, 0x00000000ec880000, 0x0000000100000000)
  eden space 22016K, 0% used [0x00000000eab00000,0x00000000eab00000,0x00000000ec080000)
  from space 512K, 0% used [0x00000000ec180000,0x00000000ec180000,0x00000000ec200000)
  to   space 4096K, 0% used [0x00000000ec480000,0x00000000ec480000,0x00000000ec880000)
 ParOldGen       total 322560K, used 259601K [0x00000000c0000000, 0x00000000d3b00000, 0x00000000eab00000)
  object space 322560K, 80% used [0x00000000c0000000,0x00000000cfd84608,0x00000000d3b00000)
 Metaspace       used 70993K, committed 72192K, reserved 1114112K
  class space    used 7590K, committed 8064K, reserved 1048576K
}
Event: 82.707 GC heap before
{Heap before GC invocations=145 (full 10):
 PSYoungGen      total 22528K, used 22016K [0x00000000eab00000, 0x00000000ec880000, 0x0000000100000000)
  eden space 22016K, 100% used [0x00000000eab00000,0x00000000ec080000,0x00000000ec080000)
  from space 512K, 0% used [0x00000000ec180000,0x00000000ec180000,0x00000000ec200000)
  to   space 4096K, 0% used [0x00000000ec480000,0x00000000ec480000,0x00000000ec880000)
 ParOldGen       total 322560K, used 259601K [0x00000000c0000000, 0x00000000d3b00000, 0x00000000eab00000)
  object space 322560K, 80% used [0x00000000c0000000,0x00000000cfd84608,0x00000000d3b00000)
 Metaspace       used 71955K, committed 73152K, reserved 1114112K
  class space    used 7707K, committed 8192K, reserved 1048576K
}
Event: 82.715 GC heap after
{Heap after GC invocations=145 (full 10):
 PSYoungGen      total 25088K, used 3017K [0x00000000eab00000, 0x00000000ec780000, 0x0000000100000000)
  eden space 22016K, 0% used [0x00000000eab00000,0x00000000eab00000,0x00000000ec080000)
  from space 3072K, 98% used [0x00000000ec480000,0x00000000ec772558,0x00000000ec780000)
  to   space 3584K, 0% used [0x00000000ec080000,0x00000000ec080000,0x00000000ec400000)
 ParOldGen       total 322560K, used 259609K [0x00000000c0000000, 0x00000000d3b00000, 0x00000000eab00000)
  object space 322560K, 80% used [0x00000000c0000000,0x00000000cfd86608,0x00000000d3b00000)
 Metaspace       used 71955K, committed 73152K, reserved 1114112K
  class space    used 7707K, committed 8192K, reserved 1048576K
}
Event: 82.933 GC heap before
{Heap before GC invocations=146 (full 10):
 PSYoungGen      total 25088K, used 25033K [0x00000000eab00000, 0x00000000ec780000, 0x0000000100000000)
  eden space 22016K, 100% used [0x00000000eab00000,0x00000000ec080000,0x00000000ec080000)
  from space 3072K, 98% used [0x00000000ec480000,0x00000000ec772558,0x00000000ec780000)
  to   space 3584K, 0% used [0x00000000ec080000,0x00000000ec080000,0x00000000ec400000)
 ParOldGen       total 322560K, used 259609K [0x00000000c0000000, 0x00000000d3b00000, 0x00000000eab00000)
  object space 322560K, 80% used [0x00000000c0000000,0x00000000cfd86608,0x00000000d3b00000)
 Metaspace       used 71959K, committed 73152K, reserved 1114112K
  class space    used 7707K, committed 8192K, reserved 1048576K
}
Event: 82.942 GC heap after
{Heap after GC invocations=146 (full 10):
 PSYoungGen      total 25600K, used 3558K [0x00000000eab00000, 0x00000000ed180000, 0x0000000100000000)
  eden space 22016K, 0% used [0x00000000eab00000,0x00000000eab00000,0x00000000ec080000)
  from space 3584K, 99% used [0x00000000ec080000,0x00000000ec3f99d8,0x00000000ec400000)
  to   space 8704K, 0% used [0x00000000ec900000,0x00000000ec900000,0x00000000ed180000)
 ParOldGen       total 322560K, used 263721K [0x00000000c0000000, 0x00000000d3b00000, 0x00000000eab00000)
  object space 322560K, 81% used [0x00000000c0000000,0x00000000d018a710,0x00000000d3b00000)
 Metaspace       used 71959K, committed 73152K, reserved 1114112K
  class space    used 7707K, committed 8192K, reserved 1048576K
}
Event: 83.298 GC heap before
{Heap before GC invocations=147 (full 10):
 PSYoungGen      total 25600K, used 25574K [0x00000000eab00000, 0x00000000ed180000, 0x0000000100000000)
  eden space 22016K, 100% used [0x00000000eab00000,0x00000000ec080000,0x00000000ec080000)
  from space 3584K, 99% used [0x00000000ec080000,0x00000000ec3f99d8,0x00000000ec400000)
  to   space 8704K, 0% used [0x00000000ec900000,0x00000000ec900000,0x00000000ed180000)
 ParOldGen       total 322560K, used 263721K [0x00000000c0000000, 0x00000000d3b00000, 0x00000000eab00000)
  object space 322560K, 81% used [0x00000000c0000000,0x00000000d018a710,0x00000000d3b00000)
 Metaspace       used 72444K, committed 73664K, reserved 1114112K
  class space    used 7777K, committed 8320K, reserved 1048576K
}

Dll operation events (11 events):
Event: 0.035 Loaded shared library c:\Users\Soften Sistemas\.vscode\extensions\redhat.java-1.25.1-win32-x64\jre\17.0.9-win32-x86_64\bin\java.dll
Event: 1.658 Loaded shared library c:\Users\Soften Sistemas\.vscode\extensions\redhat.java-1.25.1-win32-x64\jre\17.0.9-win32-x86_64\bin\zip.dll
Event: 1.669 Loaded shared library C:\Users\Soften Sistemas\.vscode\extensions\redhat.java-1.25.1-win32-x64\jre\17.0.9-win32-x86_64\bin\instrument.dll
Event: 1.775 Loaded shared library C:\Users\Soften Sistemas\.vscode\extensions\redhat.java-1.25.1-win32-x64\jre\17.0.9-win32-x86_64\bin\net.dll
Event: 1.805 Loaded shared library C:\Users\Soften Sistemas\.vscode\extensions\redhat.java-1.25.1-win32-x64\jre\17.0.9-win32-x86_64\bin\nio.dll
Event: 1.859 Loaded shared library C:\Users\Soften Sistemas\.vscode\extensions\redhat.java-1.25.1-win32-x64\jre\17.0.9-win32-x86_64\bin\zip.dll
Event: 1.964 Loaded shared library C:\Users\Soften Sistemas\.vscode\extensions\redhat.java-1.25.1-win32-x64\jre\17.0.9-win32-x86_64\bin\jimage.dll
Event: 2.573 Loaded shared library c:\Users\Soften Sistemas\.vscode\extensions\redhat.java-1.25.1-win32-x64\jre\17.0.9-win32-x86_64\bin\verify.dll
Event: 20.485 Loaded shared library C:\Users\Soften Sistemas\AppData\Roaming\Code\User\globalStorage\redhat.java\1.25.1\config_win\org.eclipse.equinox.launcher\org.eclipse.equinox.launcher.win32.win32.x86_64_1.2.800.v20231003-1442\eclipse_11802.dll
Event: 51.312 Loaded shared library C:\Users\Soften Sistemas\AppData\Local\Temp\jna--6830658\jna15408160932386681313.dll
Event: 56.908 Loaded shared library C:\Users\Soften Sistemas\.vscode\extensions\redhat.java-1.25.1-win32-x64\jre\17.0.9-win32-x86_64\bin\sunmscapi.dll

Deoptimization events (20 events):
Event: 83.110 Thread 0x000001fa2ac0eb20 DEOPT PACKING pc=0x000001fa1b8150e0 sp=0x000000bf3dcfd570
Event: 83.110 Thread 0x000001fa2ac0eb20 DEOPT UNPACKING pc=0x000001fa1aed66a3 sp=0x000000bf3dcfd448 mode 2
Event: 83.110 Thread 0x000001fa2ac0eb20 Uncommon trap: trap_request=0xffffff45 fr.pc=0x000001fa1b60a6ac relative=0x000000000000018c
Event: 83.110 Thread 0x000001fa2ac0eb20 Uncommon trap: reason=unstable_if action=reinterpret pc=0x000001fa1b60a6ac method=jdk.internal.org.objectweb.asm.Frame.push(I)V @ 26 c2
Event: 83.110 Thread 0x000001fa2ac0eb20 DEOPT PACKING pc=0x000001fa1b60a6ac sp=0x000000bf3dcfd310
Event: 83.110 Thread 0x000001fa2ac0eb20 DEOPT UNPACKING pc=0x000001fa1aed66a3 sp=0x000000bf3dcfd298 mode 2
Event: 83.136 Thread 0x000001fa2b79bfa0 DEOPT PACKING pc=0x000001fa13b1e9e0 sp=0x000000bf3effe300
Event: 83.136 Thread 0x000001fa2b79bfa0 DEOPT UNPACKING pc=0x000001fa1aed6e43 sp=0x000000bf3effd848 mode 0
Event: 83.235 Thread 0x000001fa2b79bfa0 Uncommon trap: trap_request=0xfffffff4 fr.pc=0x000001fa1b67e834 relative=0x0000000000002794
Event: 83.235 Thread 0x000001fa2b79bfa0 Uncommon trap: reason=null_check action=make_not_entrant pc=0x000001fa1b67e834 method=org.apache.aries.spifly.BaseActivator.getWeavingData(Lorg/osgi/framework/Bundle;)Ljava/util/Set; @ 10 c2
Event: 83.236 Thread 0x000001fa2b79bfa0 DEOPT PACKING pc=0x000001fa1b67e834 sp=0x000000bf3eefd570
Event: 83.236 Thread 0x000001fa2b79bfa0 DEOPT UNPACKING pc=0x000001fa1aed66a3 sp=0x000000bf3eefd318 mode 2
Event: 83.273 Thread 0x000001fa2b79bfa0 Uncommon trap: trap_request=0xffffffde fr.pc=0x000001fa1b748388 relative=0x0000000000000548
Event: 83.273 Thread 0x000001fa2b79bfa0 Uncommon trap: reason=class_check action=maybe_recompile pc=0x000001fa1b748388 method=java.util.HashMap.removeNode(ILjava/lang/Object;Ljava/lang/Object;ZZ)Ljava/util/HashMap$Node; @ 143 c2
Event: 83.273 Thread 0x000001fa2b79bfa0 DEOPT PACKING pc=0x000001fa1b748388 sp=0x000000bf3eefe120
Event: 83.273 Thread 0x000001fa2b79bfa0 DEOPT UNPACKING pc=0x000001fa1aed66a3 sp=0x000000bf3eefe098 mode 2
Event: 83.274 Thread 0x000001fa2b79bfa0 Uncommon trap: trap_request=0xffffffde fr.pc=0x000001fa1b748388 relative=0x0000000000000548
Event: 83.274 Thread 0x000001fa2b79bfa0 Uncommon trap: reason=class_check action=maybe_recompile pc=0x000001fa1b748388 method=java.util.HashMap.removeNode(ILjava/lang/Object;Ljava/lang/Object;ZZ)Ljava/util/HashMap$Node; @ 143 c2
Event: 83.274 Thread 0x000001fa2b79bfa0 DEOPT PACKING pc=0x000001fa1b748388 sp=0x000000bf3eefe120
Event: 83.274 Thread 0x000001fa2b79bfa0 DEOPT UNPACKING pc=0x000001fa1aed66a3 sp=0x000000bf3eefe098 mode 2

Classes unloaded (8 events):
Event: 44.821 Thread 0x000001fa10d68f80 Unloading class 0x0000000100250000 'java/lang/invoke/LambdaForm$MH+0x0000000100250000'
Event: 44.821 Thread 0x000001fa10d68f80 Unloading class 0x000000010024fc00 'java/lang/invoke/LambdaForm$MH+0x000000010024fc00'
Event: 44.821 Thread 0x000001fa10d68f80 Unloading class 0x000000010024f800 'java/lang/invoke/LambdaForm$MH+0x000000010024f800'
Event: 44.821 Thread 0x000001fa10d68f80 Unloading class 0x000000010024f400 'java/lang/invoke/LambdaForm$MH+0x000000010024f400'
Event: 44.821 Thread 0x000001fa10d68f80 Unloading class 0x000000010024f000 'java/lang/invoke/LambdaForm$BMH+0x000000010024f000'
Event: 44.821 Thread 0x000001fa10d68f80 Unloading class 0x000000010024ec00 'java/lang/invoke/LambdaForm$DMH+0x000000010024ec00'
Event: 44.821 Thread 0x000001fa10d68f80 Unloading class 0x000000010024c000 'java/lang/invoke/LambdaForm$DMH+0x000000010024c000'
Event: 69.299 Thread 0x000001fa10d68f80 Unloading class 0x00000001006f9c00 'java/lang/invoke/LambdaForm$DMH+0x00000001006f9c00'

Classes redefined (0 events):
No events

Internal exceptions (20 events):
Event: 68.329 Thread 0x000001fa2b796ea0 Exception <a 'sun/nio/fs/WindowsException'{0x00000000ead537d0}> (0x00000000ead537d0) 
thrown [s\src\hotspot\share\prims\jni.cpp, line 516]
Event: 68.343 Thread 0x000001fa2b796ea0 Exception <a 'sun/nio/fs/WindowsException'{0x00000000ead6cc18}> (0x00000000ead6cc18) 
thrown [s\src\hotspot\share\prims\jni.cpp, line 516]
Event: 68.361 Thread 0x000001fa2b796ea0 Exception <a 'sun/nio/fs/WindowsException'{0x00000000eae00840}> (0x00000000eae00840) 
thrown [s\src\hotspot\share\prims\jni.cpp, line 516]
Event: 68.368 Thread 0x000001fa2b796ea0 Exception <a 'sun/nio/fs/WindowsException'{0x00000000eae0ad80}> (0x00000000eae0ad80) 
thrown [s\src\hotspot\share\prims\jni.cpp, line 516]
Event: 68.430 Thread 0x000001fa2b79ba90 Exception <a 'java/lang/ArrayIndexOutOfBoundsException'{0x00000000eae7e960}> (0x00000000eae7e960) 
thrown [s\src\hotspot\share\runtime\sharedRuntime.cpp, line 631]
Event: 68.488 Thread 0x000001fa2b796ea0 Exception <a 'sun/nio/fs/WindowsException'{0x00000000eaeda910}> (0x00000000eaeda910) 
thrown [s\src\hotspot\share\prims\jni.cpp, line 516]
Event: 68.511 Thread 0x000001fa2b796ea0 Exception <a 'sun/nio/fs/WindowsException'{0x00000000eaee44d8}> (0x00000000eaee44d8) 
thrown [s\src\hotspot\share\prims\jni.cpp, line 516]
Event: 68.623 Thread 0x000001fa2ac10e90 Exception <a 'java/io/FileNotFoundException'{0x00000000eb032b40}> (0x00000000eb032b40) 
thrown [s\src\hotspot\share\prims\jni.cpp, line 516]
Event: 68.738 Thread 0x000001fa2b79ba90 Implicit null exception at 0x000001fa1b6f10ac to 0x000001fa1b6f110c
Event: 68.938 Thread 0x000001fa2b796ea0 Implicit null exception at 0x000001fa1b850528 to 0x000001fa1b850848
Event: 69.554 Thread 0x000001fa2b796ea0 Implicit null exception at 0x000001fa1b81ce49 to 0x000001fa1b81fb58
Event: 73.200 Thread 0x000001fa2ac0ff60 Implicit null exception at 0x000001fa1b5a021c to 0x000001fa1b5a51c8
Event: 80.125 Thread 0x000001fa2b7973b0 Implicit null exception at 0x000001fa1b55f7d3 to 0x000001fa1b560504
Event: 81.291 Thread 0x000001fa2b7978c0 Exception <a 'java/lang/ArrayIndexOutOfBoundsException'{0x00000000eb782c88}> (0x00000000eb782c88) 
thrown [s\src\hotspot\share\runtime\sharedRuntime.cpp, line 631]
Event: 82.564 Thread 0x000001fa2b79ba90 Exception <a 'java/lang/NoSuchMethodError'{0x00000000eb9a2d70}: 'java.lang.Object java.lang.invoke.DirectMethodHandle$Holder.invokeStatic(java.lang.Object, int, java.lang.Object, java.lang.Object, java.lang.Object, java.lang.Object)'> (0x00000000eb9a2d70) 
thrown [s\src\hotspot\share\interpreter\linkResolver.cpp, line 759]
Event: 83.112 Thread 0x000001fa2ac0eb20 Exception <a 'java/lang/NoSuchMethodError'{0x00000000eb7a7c50}: 'java.lang.Object java.lang.invoke.DirectMethodHandle$Holder.newInvokeSpecial(java.lang.Object, java.lang.Object, java.lang.Object, java.lang.Object, java.lang.Object, java.lang.Object, java.lang.Object, java.lang.Object, java.lang.Object, java.lang.Object)'> (0x00000000eb7a7c50) 
thrown [s\src\hotspot\share\interpreter\linkResolver.cpp, line 759]
Event: 83.115 Thread 0x000001fa2ac0eb20 Exception <a 'java/lang/NoSuchMethodError'{0x00000000eb7adbf8}: 'java.lang.Object java.lang.invoke.DirectMethodHandle$Holder.invokeSpecial(java.lang.Object, java.lang.Object, java.lang.Object, java.lang.Object, java.lang.Object, java.lang.Object, java.lang.Object, java.lang.Object, java.lang.Object, java.lang.Object, java.lang.Object)'> (0x00000000eb7adbf8) 
thrown [s\src\hotspot\share\interpreter\linkResolver.cpp, line 759]
Event: 83.118 Thread 0x000001fa2ac0eb20 Exception <a 'java/lang/NoSuchMethodError'{0x00000000eb7b2bf8}: 'java.lang.Object java.lang.invoke.Invokers$Holder.linkToTargetMethod(java.lang.Object, java.lang.Object, java.lang.Object, java.lang.Object, java.lang.Object, java.lang.Object, java.lang.Object, java.lang.Object, java.lang.Object, java.lang.Object)'> (0x00000000eb7b2bf8) 
thrown [s\src\hotspot\share\interpreter\linkResolver.cpp, line 759]
Event: 83.160 Thread 0x000001fa2ac0eb20 Exception <a 'sun/nio/fs/WindowsException'{0x00000000eb8b2f30}> (0x00000000eb8b2f30) 
thrown [s\src\hotspot\share\prims\jni.cpp, line 516]
Event: 83.280 Thread 0x000001fa2b79bfa0 Exception <a 'java/lang/NoSuchMethodError'{0x00000000ebe90608}: 'void java.lang.invoke.DirectMethodHandle$Holder.invokeInterface(java.lang.Object, java.lang.Object)'> (0x00000000ebe90608) 
thrown [s\src\hotspot\share\interpreter\linkResolver.cpp, line 759]

VM Operations (20 events):
Event: 79.776 Executing VM operation: ParallelGCFailedAllocation done
Event: 80.025 Executing VM operation: ParallelGCFailedAllocation
Event: 80.038 Executing VM operation: ParallelGCFailedAllocation done
Event: 80.269 Executing VM operation: ParallelGCFailedAllocation
Event: 80.279 Executing VM operation: ParallelGCFailedAllocation done
Event: 80.582 Executing VM operation: ParallelGCFailedAllocation
Event: 80.595 Executing VM operation: ParallelGCFailedAllocation done
Event: 80.642 Executing VM operation: HandshakeAllThreads
Event: 80.644 Executing VM operation: HandshakeAllThreads done
Event: 80.766 Executing VM operation: ParallelGCFailedAllocation
Event: 80.775 Executing VM operation: ParallelGCFailedAllocation done
Event: 81.682 Executing VM operation: ParallelGCFailedAllocation
Event: 82.304 Executing VM operation: ParallelGCFailedAllocation done
Event: 82.457 Executing VM operation: HandshakeAllThreads
Event: 82.462 Executing VM operation: HandshakeAllThreads done
Event: 82.707 Executing VM operation: ParallelGCFailedAllocation
Event: 82.717 Executing VM operation: ParallelGCFailedAllocation done
Event: 82.933 Executing VM operation: ParallelGCFailedAllocation
Event: 82.942 Executing VM operation: ParallelGCFailedAllocation done
Event: 83.298 Executing VM operation: ParallelGCFailedAllocation

Events (20 events):
Event: 83.073 loading class java/util/stream/Nodes$ConcNode done
Event: 83.074 Thread 0x000001fa2b799720 Thread exited: 0x000001fa2b799720
Event: 83.088 loading class java/io/ObjectOutputStream$BlockDataOutputStream
Event: 83.088 loading class java/io/ObjectOutputStream$BlockDataOutputStream done
Event: 83.088 loading class java/io/ObjectOutputStream$HandleTable
Event: 83.089 loading class java/io/ObjectOutputStream$HandleTable done
Event: 83.089 loading class java/io/ObjectOutputStream$ReplaceTable
Event: 83.089 loading class java/io/ObjectOutputStream$ReplaceTable done
Event: 83.123 Thread 0x000001fa2b79a650 Thread added: 0x000001fa2b79a650
Event: 83.132 Thread 0x000001fa2b79bfa0 Thread added: 0x000001fa2b79bfa0
Event: 83.139 Thread 0x000001fa2b798d00 Thread added: 0x000001fa2b798d00
Event: 83.145 loading class java/util/stream/Nodes$ToArrayTask$OfRef
Event: 83.145 loading class java/util/stream/Nodes$ToArrayTask
Event: 83.146 loading class java/util/stream/Nodes$ToArrayTask done
Event: 83.146 loading class java/util/stream/Nodes$ToArrayTask$OfRef done
Event: 83.146 Thread 0x000001fa2b79a650 Thread exited: 0x000001fa2b79a650
Event: 83.147 Thread 0x000001fa2b79bfa0 Thread exited: 0x000001fa2b79bfa0
Event: 83.147 Thread 0x000001fa2b798d00 Thread exited: 0x000001fa2b798d00
Event: 83.213 Thread 0x000001fa2b79bfa0 Thread added: 0x000001fa2b79bfa0
Event: 83.239 Thread 0x000001fa2b79c4b0 Thread added: 0x000001fa2b79c4b0


Dynamic libraries:
0x00007ff74ab20000 - 0x00007ff74ab2e000 	c:\Users\Soften Sistemas\.vscode\extensions\redhat.java-1.25.1-win32-x64\jre\17.0.9-win32-x86_64\bin\java.exe
0x00007ff8053b0000 - 0x00007ff8055a8000 	C:\WINDOWS\SYSTEM32\ntdll.dll
0x00007ff803d60000 - 0x00007ff803e1d000 	C:\WINDOWS\System32\KERNEL32.DLL
0x00007ff802f10000 - 0x00007ff803206000 	C:\WINDOWS\System32\KERNELBASE.dll
0x00007ff802c20000 - 0x00007ff802d20000 	C:\WINDOWS\System32\ucrtbase.dll
0x00007fffe5e80000 - 0x00007fffe5e97000 	c:\Users\Soften Sistemas\.vscode\extensions\redhat.java-1.25.1-win32-x64\jre\17.0.9-win32-x86_64\bin\jli.dll
0x00007ff804b70000 - 0x00007ff804d0e000 	C:\WINDOWS\System32\USER32.dll
0x00007ff803280000 - 0x00007ff8032a2000 	C:\WINDOWS\System32\win32u.dll
0x00007ff803470000 - 0x00007ff80349c000 	C:\WINDOWS\System32\GDI32.dll
0x00007ff802df0000 - 0x00007ff802f0a000 	C:\WINDOWS\System32\gdi32full.dll
0x00007ff802d50000 - 0x00007ff802ded000 	C:\WINDOWS\System32\msvcp_win.dll
0x00007fffe4fb0000 - 0x00007fffe4fcb000 	c:\Users\Soften Sistemas\.vscode\extensions\redhat.java-1.25.1-win32-x64\jre\17.0.9-win32-x86_64\bin\VCRUNTIME140.dll
0x00007ffff1a70000 - 0x00007ffff1d0a000 	C:\WINDOWS\WinSxS\amd64_microsoft.windows.common-controls_6595b64144ccf1df_6.0.19041.3636_none_60b6a03d71f818d5\COMCTL32.dll
0x00007ff8034a0000 - 0x00007ff80353e000 	C:\WINDOWS\System32\msvcrt.dll
0x00007ff8045a0000 - 0x00007ff8045d0000 	C:\WINDOWS\System32\IMM32.DLL
0x00007ffff65e0000 - 0x00007ffff65ec000 	c:\Users\Soften Sistemas\.vscode\extensions\redhat.java-1.25.1-win32-x64\jre\17.0.9-win32-x86_64\bin\vcruntime140_1.dll
0x00007fffd44f0000 - 0x00007fffd457d000 	c:\Users\Soften Sistemas\.vscode\extensions\redhat.java-1.25.1-win32-x64\jre\17.0.9-win32-x86_64\bin\msvcp140.dll
0x00007fffd0c60000 - 0x00007fffd18c1000 	c:\Users\Soften Sistemas\.vscode\extensions\redhat.java-1.25.1-win32-x64\jre\17.0.9-win32-x86_64\bin\server\jvm.dll
0x00007ff805100000 - 0x00007ff8051af000 	C:\WINDOWS\System32\ADVAPI32.dll
0x00007ff804360000 - 0x00007ff8043fc000 	C:\WINDOWS\System32\sechost.dll
0x00007ff804410000 - 0x00007ff804536000 	C:\WINDOWS\System32\RPCRT4.dll
0x00007ff8027d0000 - 0x00007ff80281b000 	C:\WINDOWS\SYSTEM32\POWRPROF.dll
0x00007ffff35b0000 - 0x00007ffff35b9000 	C:\WINDOWS\SYSTEM32\WSOCK32.dll
0x00007ff803540000 - 0x00007ff8035ab000 	C:\WINDOWS\System32\WS2_32.dll
0x00007ffffa7e0000 - 0x00007ffffa807000 	C:\WINDOWS\SYSTEM32\WINMM.dll
0x00007ffff40e0000 - 0x00007ffff40ea000 	C:\WINDOWS\SYSTEM32\VERSION.dll
0x00007ff8027b0000 - 0x00007ff8027c2000 	C:\WINDOWS\SYSTEM32\UMPDC.dll
0x00007ff800950000 - 0x00007ff800962000 	C:\WINDOWS\SYSTEM32\kernel.appcore.dll
0x00007ffff65c0000 - 0x00007ffff65ca000 	c:\Users\Soften Sistemas\.vscode\extensions\redhat.java-1.25.1-win32-x64\jre\17.0.9-win32-x86_64\bin\jimage.dll
0x00007fffe6d60000 - 0x00007fffe6f44000 	C:\WINDOWS\SYSTEM32\DBGHELP.DLL
0x00007fffe6d20000 - 0x00007fffe6d54000 	C:\WINDOWS\SYSTEM32\dbgcore.DLL
0x00007ff802ae0000 - 0x00007ff802b62000 	C:\WINDOWS\System32\bcryptPrimitives.dll
0x00007ffff1000000 - 0x00007ffff100e000 	c:\Users\Soften Sistemas\.vscode\extensions\redhat.java-1.25.1-win32-x64\jre\17.0.9-win32-x86_64\bin\instrument.dll
0x00007fffd6c40000 - 0x00007fffd6c65000 	c:\Users\Soften Sistemas\.vscode\extensions\redhat.java-1.25.1-win32-x64\jre\17.0.9-win32-x86_64\bin\java.dll
0x00007fffe3cd0000 - 0x00007fffe3ce8000 	c:\Users\Soften Sistemas\.vscode\extensions\redhat.java-1.25.1-win32-x64\jre\17.0.9-win32-x86_64\bin\zip.dll
0x00007ff803610000 - 0x00007ff803d55000 	C:\WINDOWS\System32\SHELL32.dll
0x00007ff800b50000 - 0x00007ff8012eb000 	C:\WINDOWS\SYSTEM32\windows.storage.dll
0x00007ff804d20000 - 0x00007ff805074000 	C:\WINDOWS\System32\combase.dll
0x00007ff802460000 - 0x00007ff80248d000 	C:\WINDOWS\SYSTEM32\Wldp.dll
0x00007ff803fd0000 - 0x00007ff80407d000 	C:\WINDOWS\System32\SHCORE.dll
0x00007ff803410000 - 0x00007ff803465000 	C:\WINDOWS\System32\shlwapi.dll
0x00007ff8029c0000 - 0x00007ff8029e5000 	C:\WINDOWS\SYSTEM32\profapi.dll
0x00007fffe3380000 - 0x00007fffe3399000 	C:\Users\Soften Sistemas\.vscode\extensions\redhat.java-1.25.1-win32-x64\jre\17.0.9-win32-x86_64\bin\net.dll
0x00007ffffb550000 - 0x00007ffffb65a000 	C:\WINDOWS\SYSTEM32\WINHTTP.dll
0x00007ff8021c0000 - 0x00007ff80222a000 	C:\WINDOWS\system32\mswsock.dll
0x00007fffdef80000 - 0x00007fffdef96000 	C:\Users\Soften Sistemas\.vscode\extensions\redhat.java-1.25.1-win32-x64\jre\17.0.9-win32-x86_64\bin\nio.dll
0x00007fffee0c0000 - 0x00007fffee0d0000 	c:\Users\Soften Sistemas\.vscode\extensions\redhat.java-1.25.1-win32-x64\jre\17.0.9-win32-x86_64\bin\verify.dll
0x00007fffd4de0000 - 0x00007fffd4e1e000 	C:\Users\Soften Sistemas\AppData\Roaming\Code\User\globalStorage\redhat.java\1.25.1\config_win\org.eclipse.equinox.launcher\org.eclipse.equinox.launcher.win32.win32.x86_64_1.2.800.v20231003-1442\eclipse_11802.dll
0x00007ff8045d0000 - 0x00007ff8046fb000 	C:\WINDOWS\System32\ole32.dll
0x00007ff8023b0000 - 0x00007ff8023c8000 	C:\WINDOWS\SYSTEM32\CRYPTSP.dll
0x00007ff801af0000 - 0x00007ff801b24000 	C:\WINDOWS\system32\rsaenh.dll
0x00007ff802d20000 - 0x00007ff802d47000 	C:\WINDOWS\System32\bcrypt.dll
0x00007ff802980000 - 0x00007ff8029ae000 	C:\WINDOWS\SYSTEM32\USERENV.dll
0x00007ff8023d0000 - 0x00007ff8023dc000 	C:\WINDOWS\SYSTEM32\CRYPTBASE.dll
0x00007ff801eb0000 - 0x00007ff801eeb000 	C:\WINDOWS\SYSTEM32\IPHLPAPI.DLL
0x00007ff804d10000 - 0x00007ff804d18000 	C:\WINDOWS\System32\NSI.dll
0x00007ffffc0a0000 - 0x00007ffffc0b7000 	C:\WINDOWS\SYSTEM32\dhcpcsvc6.DLL
0x00007ffffc9a0000 - 0x00007ffffc9bd000 	C:\WINDOWS\SYSTEM32\dhcpcsvc.DLL
0x00007ff801ef0000 - 0x00007ff801fba000 	C:\WINDOWS\SYSTEM32\DNSAPI.dll
0x00007fffd4cc0000 - 0x00007fffd4d05000 	C:\Users\Soften Sistemas\AppData\Local\Temp\jna--6830658\jna15408160932386681313.dll
0x00007ff804400000 - 0x00007ff804408000 	C:\WINDOWS\System32\PSAPI.DLL
0x00007ff800090000 - 0x00007ff80009e000 	C:\Users\Soften Sistemas\.vscode\extensions\redhat.java-1.25.1-win32-x64\jre\17.0.9-win32-x86_64\bin\sunmscapi.dll
0x00007ff8032b0000 - 0x00007ff80340d000 	C:\WINDOWS\System32\CRYPT32.dll
0x00007ff8024d0000 - 0x00007ff8024f7000 	C:\WINDOWS\SYSTEM32\ncrypt.dll
0x00007ff802490000 - 0x00007ff8024cb000 	C:\WINDOWS\SYSTEM32\NTASN1.dll
0x00007ffff54f0000 - 0x00007ffff54fa000 	C:\Windows\System32\rasadhlp.dll
0x00007ffff5ba0000 - 0x00007ffff5c20000 	C:\WINDOWS\System32\fwpuclnt.dll
0x00007ff801c10000 - 0x00007ff801c43000 	C:\WINDOWS\SYSTEM32\ntmarta.dll

dbghelp: loaded successfully - version: 4.0.5 - missing functions: none
symbol engine: initialized successfully - sym options: 0x614 - pdb path: .;c:\Users\Soften Sistemas\.vscode\extensions\redhat.java-1.25.1-win32-x64\jre\17.0.9-win32-x86_64\bin;C:\WINDOWS\SYSTEM32;C:\WINDOWS\WinSxS\amd64_microsoft.windows.common-controls_6595b64144ccf1df_6.0.19041.3636_none_60b6a03d71f818d5;c:\Users\Soften Sistemas\.vscode\extensions\redhat.java-1.25.1-win32-x64\jre\17.0.9-win32-x86_64\bin\server;C:\Users\Soften Sistemas\AppData\Roaming\Code\User\globalStorage\redhat.java\1.25.1\config_win\org.eclipse.equinox.launcher\org.eclipse.equinox.launcher.win32.win32.x86_64_1.2.800.v20231003-1442;C:\Users\Soften Sistemas\AppData\Local\Temp\jna--6830658

VM Arguments:
jvm_args: --add-modules=ALL-SYSTEM --add-opens=java.base/java.util=ALL-UNNAMED --add-opens=java.base/java.lang=ALL-UNNAMED --add-opens=java.base/sun.nio.fs=ALL-UNNAMED -Declipse.application=org.eclipse.jdt.ls.core.id1 -Dosgi.bundles.defaultStartLevel=4 -Declipse.product=org.eclipse.jdt.ls.core.product -Djava.import.generatesMetadataFilesAtProjectRoot=false -DDetectVMInstallationsJob.disabled=true -Dfile.encoding=utf8 -XX:+UseParallelGC -XX:GCTimeRatio=4 -XX:AdaptiveSizePolicyWeight=90 -Dsun.zip.disableMemoryMapping=true -Xmx1G -Xms100m -Xlog:disable -javaagent:c:\Users\Soften Sistemas\.vscode\extensions\redhat.java-1.25.1-win32-x64\lombok\lombok-1.18.30.jar -XX:+HeapDumpOnOutOfMemoryError -XX:HeapDumpPath=c:\Users\Soften Sistemas\AppData\Roaming\Code\User\workspaceStorage\566447808541c3bea76efec85606d35c\redhat.java -Daether.dependencyCollector.impl=bf 
java_command: c:\Users\Soften Sistemas\.vscode\extensions\redhat.java-1.25.1-win32-x64\server\plugins\org.eclipse.equinox.launcher_1.6.600.v20231106-1826.jar -configuration c:\Users\Soften Sistemas\AppData\Roaming\Code\User\globalStorage\redhat.java\1.25.1\config_win -data c:\Users\Soften Sistemas\AppData\Roaming\Code\User\workspaceStorage\566447808541c3bea76efec85606d35c\redhat.java\jdt_ws --stdio
java_class_path (initial): c:\Users\Soften Sistemas\.vscode\extensions\redhat.java-1.25.1-win32-x64\server\plugins\org.eclipse.equinox.launcher_1.6.600.v20231106-1826.jar
Launcher Type: SUN_STANDARD

[Global flags]
    uintx AdaptiveSizePolicyWeight                 = 90                                        {product} {command line}
     intx CICompilerCount                          = 3                                         {product} {ergonomic}
    uintx GCTimeRatio                              = 4                                         {product} {command line}
     bool HeapDumpOnOutOfMemoryError               = true                                   {manageable} {command line}
    ccstr HeapDumpPath                             = c:\Users\Soften Sistemas\AppData\Roaming\Code\User\workspaceStorage\566447808541c3bea76efec85606d35c\redhat.java         {manageable} {command line}
   size_t InitialHeapSize                          = 104857600                                 {product} {command line}
   size_t MaxHeapSize                              = 1073741824                                {product} {command line}
   size_t MaxNewSize                               = 357564416                                 {product} {ergonomic}
   size_t MinHeapDeltaBytes                        = 524288                                    {product} {ergonomic}
   size_t MinHeapSize                              = 104857600                                 {product} {command line}
   size_t NewSize                                  = 34603008                                  {product} {ergonomic}
    uintx NonNMethodCodeHeapSize                   = 5832780                                {pd product} {ergonomic}
    uintx NonProfiledCodeHeapSize                  = 122912730                              {pd product} {ergonomic}
   size_t OldSize                                  = 70254592                                  {product} {ergonomic}
    uintx ProfiledCodeHeapSize                     = 122912730                              {pd product} {ergonomic}
    uintx ReservedCodeCacheSize                    = 251658240                              {pd product} {ergonomic}
     bool SegmentedCodeCache                       = true                                      {product} {ergonomic}
   size_t SoftMaxHeapSize                          = 1073741824                             {manageable} {ergonomic}
     bool UseCompressedClassPointers               = true                           {product lp64_product} {ergonomic}
     bool UseCompressedOops                        = true                           {product lp64_product} {ergonomic}
     bool UseLargePagesIndividualAllocation        = false                                  {pd product} {ergonomic}
     bool UseParallelGC                            = true                                      {product} {command line}

Logging:
Log output configuration:
 #0: stdout all=off uptime,level,tags
 #1: stderr all=off uptime,level,tags

Environment Variables:
PATH=C:\Program Files\Common Files\Oracle\Java\javapath;C:\Program Files (x86)\Common Files\Oracle\Java\javapath;C:\WINDOWS\system32;C:\WINDOWS;C:\WINDOWS\System32\Wbem;C:\WINDOWS\System32\WindowsPowerShell\v1.0\;C:\WINDOWS\System32\OpenSSH\;C:\Users\Soften Sistemas\AppData\Local\Programs\WingetUI\choco-cli\bin;C:\Users\Soften Sistemas\AppData\Local\Microsoft\WindowsApps;;C:\Users\Soften Sistemas\AppData\Local\Programs\Microsoft VS Code\bin
USERNAME=Soften Sistemas
OS=Windows_NT
PROCESSOR_IDENTIFIER=Intel64 Family 6 Model 58 Stepping 9, GenuineIntel
TMP=C:\Users\SOFTEN~1\AppData\Local\Temp
TEMP=C:\Users\SOFTEN~1\AppData\Local\Temp



Periodic native trim disabled


---------------  S Y S T E M  ---------------

OS:
 Windows 10 , 64 bit Build 19041 (10.0.19041.3636)
OS uptime: 1 days 19:59 hours

CPU: total 4 (initial active 4) (2 cores per cpu, 2 threads per core) family 6 model 58 stepping 9 microcode 0x21, cx8, cmov, fxsr, ht, mmx, sse, sse2, sse3, ssse3, sse4.1, sse4.2, popcnt, tsc, tscinvbit, avx, erms, clmul, vzeroupper, clflush
Processor Information for all 4 processors :
  Max Mhz: 1801, Current Mhz: 1801, Mhz Limit: 1801

Memory: 4k page, system-wide physical 8086M (3013M free)
TotalPageFile size 10006M (AvailPageFile size 2660M)
current process WorkingSet (physical memory assigned to process): 605M, peak: 605M
current process commit charge ("private bytes"): 601M, peak: 605M

vm_info: OpenJDK 64-Bit Server VM (17.0.9+9) for windows-amd64 JRE (17.0.9+9), built on Oct 26 2023 14:01:42 by "admin" with MS VC++ 16.10 / 16.11 (VS2019)

END.
